C:\Program Files\Microsoft Visual Studio\2022\Community\MSBuild\Microsoft\VC\v170\Microsoft.CppBuild.targets(531,5): warning MSB8028: 중간 디렉터리(x64\Debug\)에 다른 프로젝트(MFCHW.vcxproj)에서 공유하는 파일이 포함되어 있습니다.  이로 인해 잘못된 정리 및 다시 빌드 동작이 수행될 수 있습니다.
  pch.cpp
  MFCHWW.cpp
C:\Users\youn\Desktop\MFCHWW\MFCHWW\resource.h(5,9): warning C4005: 'SS_REALSIZECONTROL': 매크로 재정의
  (소스 파일 '/MFCHWW.cpp'을(를) 컴파일하는 중)
      C:\Program Files (x86)\Windows Kits\10\Include\10.0.22621.0\um\winuser.h(11424,9):
      'SS_REALSIZECONTROL'의 이전 정의를 참조하십시오.
  
  MFCHWWDlg.cpp
C:\Users\youn\Desktop\MFCHWW\MFCHWW\resource.h(5,9): warning C4005: 'SS_REALSIZECONTROL': 매크로 재정의
  (소스 파일 '/MFCHWWDlg.cpp'을(를) 컴파일하는 중)
      C:\Program Files (x86)\Windows Kits\10\Include\10.0.22621.0\um\winuser.h(11424,9):
      'SS_REALSIZECONTROL'의 이전 정의를 참조하십시오.
  
C:\Users\youn\Desktop\MFCHWW\MFCHWW\MFCHWWDlg.cpp(203,51): warning C4244: '인수': 'double'에서 'int'(으)로 변환하면서 데이터가 손실될 수 있습니다.
  (소스 파일 '/MFCHWWDlg.cpp'을(를) 컴파일하는 중)
  
C:\Users\youn\Desktop\MFCHWW\MFCHWW\MFCHWWDlg.cpp(203,20): warning C4244: '인수': 'double'에서 'int'(으)로 변환하면서 데이터가 손실될 수 있습니다.
  (소스 파일 '/MFCHWWDlg.cpp'을(를) 컴파일하는 중)
  
C:\Users\youn\Desktop\MFCHWW\MFCHWW\MFCHWWDlg.cpp(202,61): warning C4244: '인수': 'double'에서 'int'(으)로 변환하면서 데이터가 손실될 수 있습니다.
  (소스 파일 '/MFCHWWDlg.cpp'을(를) 컴파일하는 중)
  
C:\Users\youn\Desktop\MFCHWW\MFCHWW\MFCHWWDlg.cpp(202,30): warning C4244: '인수': 'double'에서 'int'(으)로 변환하면서 데이터가 손실될 수 있습니다.
  (소스 파일 '/MFCHWWDlg.cpp'을(를) 컴파일하는 중)
  
C:\Users\youn\Desktop\MFCHWW\MFCHWW\MFCHWWDlg.cpp(234,25): warning C4267: '=': 'size_t'에서 'int'(으)로 변환하면서 데이터가 손실될 수 있습니다.
  (소스 파일 '/MFCHWWDlg.cpp'을(를) 컴파일하는 중)
  
C:\Users\youn\Desktop\MFCHWW\MFCHWW\MFCHWWDlg.cpp(380,22): warning C4244: '=': 'double'에서 'LONG'(으)로 변환하면서 데이터가 손실될 수 있습니다.
  (소스 파일 '/MFCHWWDlg.cpp'을(를) 컴파일하는 중)
  
C:\Users\youn\Desktop\MFCHWW\MFCHWW\MFCHWWDlg.cpp(381,22): warning C4244: '=': 'double'에서 'LONG'(으)로 변환하면서 데이터가 손실될 수 있습니다.
  (소스 파일 '/MFCHWWDlg.cpp'을(를) 컴파일하는 중)
  
  코드를 생성하고 있습니다...
C:\Program Files (x86)\Windows Kits\10\Include\10.0.22621.0\um\winuser.rh(1633): warning RC4005: 'SS_REALSIZECONTROL' : redefinition
  
  MFCHWW.vcxproj -> C:\Users\youn\Desktop\MFCHWW\x64\Debug\MFCHWW.exe
